-- Found ament_cmake: 0.8.2 (/opt/ros/eloquent/share/ament_cmake/cmake)
-- Using PYTHON_EXECUTABLE: /usr/bin/python3
-- Found ament_lint_auto: 0.8.1 (/opt/ros/eloquent/share/ament_lint_auto/cmake)
-- Added test 'copyright' to check for copyright in CMake / C / C++ / Python code
-- Added test 'cppcheck' to perform static code analysis on C / C++ code
-- Configured cppcheck include dirs: 
-- Added test 'cpplint' to check C / C++ code against the Google style
-- Added test 'flake8' to check Python code syntax and style conventions
-- Added test 'lint_cmake' to check CMake code style
-- Added test 'pep257' to check Python code against some of the style conventions in PEP 257
-- Added test 'uncrustify' to check C / C++ code style
-- Added test 'xmllint' to check XML markup files
-- Configuring done
-- Generating done
-- Build files have been written to: /home/maclo4/basic_edo_pub/build/basic_edo_pub
-- Found ament_cmake: 0.8.2 (/opt/ros/eloquent/share/ament_cmake/cmake)
-- Using PYTHON_EXECUTABLE: /usr/bin/python3
-- Found ament_lint_auto: 0.8.1 (/opt/ros/eloquent/share/ament_lint_auto/cmake)
-- Added test 'copyright' to check for copyright in CMake / C / C++ / Python code
-- Added test 'cppcheck' to perform static code analysis on C / C++ code
-- Configured cppcheck include dirs: 
-- Added test 'cpplint' to check C / C++ code against the Google style
-- Added test 'flake8' to check Python code syntax and style conventions
-- Added test 'lint_cmake' to check CMake code style
-- Added test 'pep257' to check Python code against some of the style conventions in PEP 257
-- Added test 'uncrustify' to check C / C++ code style
-- Added test 'xmllint' to check XML markup files
-- Configuring done
-- Generating done
-- Build files have been written to: /home/maclo4/basic_edo_pub/build/basic_edo_pub
[36mInstall the project...[0m
-- Install configuration: ""
-- Up-to-date: /home/maclo4/basic_edo_pub/install/basic_edo_pub/share/ament_index/resource_index/package_run_dependencies/basic_edo_pub
-- Up-to-date: /home/maclo4/basic_edo_pub/install/basic_edo_pub/share/ament_index/resource_index/parent_prefix_path/basic_edo_pub
-- Up-to-date: /home/maclo4/basic_edo_pub/install/basic_edo_pub/share/basic_edo_pub/environment/ament_prefix_path.sh
-- Installing: /home/maclo4/basic_edo_pub/install/basic_edo_pub/share/basic_edo_pub/environment/ament_prefix_path.dsv
-- Up-to-date: /home/maclo4/basic_edo_pub/install/basic_edo_pub/share/basic_edo_pub/environment/path.sh
-- Installing: /home/maclo4/basic_edo_pub/install/basic_edo_pub/share/basic_edo_pub/environment/path.dsv
-- Up-to-date: /home/maclo4/basic_edo_pub/install/basic_edo_pub/share/basic_edo_pub/local_setup.bash
-- Up-to-date: /home/maclo4/basic_edo_pub/install/basic_edo_pub/share/basic_edo_pub/local_setup.sh
-- Up-to-date: /home/maclo4/basic_edo_pub/install/basic_edo_pub/share/basic_edo_pub/local_setup.zsh
-- Installing: /home/maclo4/basic_edo_pub/install/basic_edo_pub/share/basic_edo_pub/local_setup.dsv
-- Installing: /home/maclo4/basic_edo_pub/install/basic_edo_pub/share/basic_edo_pub/package.dsv
-- Up-to-date: /home/maclo4/basic_edo_pub/install/basic_edo_pub/share/ament_index/resource_index/packages/basic_edo_pub
-- Up-to-date: /home/maclo4/basic_edo_pub/install/basic_edo_pub/share/basic_edo_pub/cmake/basic_edo_pubConfig.cmake
-- Up-to-date: /home/maclo4/basic_edo_pub/install/basic_edo_pub/share/basic_edo_pub/cmake/basic_edo_pubConfig-version.cmake
-- Up-to-date: /home/maclo4/basic_edo_pub/install/basic_edo_pub/share/basic_edo_pub/package.xml
