[0.030s] Invoking command in '/home/maclo4/edo_manual_ws/src/basic_edo_pub/build/basic_edo_pub': CMAKE_PREFIX_PATH=/opt/ros/eloquent /usr/bin/cmake --build /home/maclo4/edo_manual_ws/src/basic_edo_pub/build/basic_edo_pub -- -j4 -l4
[0.060s] -- Found ament_cmake: 0.8.2 (/opt/ros/eloquent/share/ament_cmake/cmake)
[0.096s] -- Using PYTHON_EXECUTABLE: /usr/bin/python3
[0.391s] -- Found rclcpp: 0.8.4 (/opt/ros/eloquent/share/rclcpp/cmake)
[0.501s] -- Found rosidl_adapter: 0.8.2 (/opt/ros/eloquent/share/rosidl_adapter/cmake)
[0.673s] -- Found rmw_implementation_cmake: 0.8.1 (/opt/ros/eloquent/share/rmw_implementation_cmake/cmake)
[0.681s] -- Using RMW implementation 'rmw_fastrtps_cpp' as default
[0.685s] -- Looking for pthread.h
[0.801s] -- Looking for pthread.h - found
[0.802s] -- Looking for pthread_create
[0.916s] -- Looking for pthread_create - not found
[0.916s] -- Looking for pthread_create in pthreads
[1.004s] -- Looking for pthread_create in pthreads - not found
[1.004s] -- Looking for pthread_create in pthread
[1.104s] -- Looking for pthread_create in pthread - found
[1.105s] -- Found Threads: TRUE  
[1.194s] -- Found ament_lint_auto: 0.8.1 (/opt/ros/eloquent/share/ament_lint_auto/cmake)
[1.310s] -- Added test 'copyright' to check for copyright in CMake / C / C++ / Python code
[1.324s] -- Added test 'cppcheck' to perform static code analysis on C / C++ code
[1.325s] -- Configured cppcheck include dirs: 
[1.338s] -- Added test 'cpplint' to check C / C++ code against the Google style
[1.340s] -- Added test 'flake8' to check Python code syntax and style conventions
[1.343s] -- Added test 'lint_cmake' to check CMake code style
[1.345s] -- Added test 'pep257' to check Python code against some of the style conventions in PEP 257
[1.359s] -- Added test 'uncrustify' to check C / C++ code style
[1.361s] -- Added test 'xmllint' to check XML markup files
[1.365s] -- Configuring done
[1.371s] -- Generating done
[1.373s] -- Build files have been written to: /home/maclo4/edo_manual_ws/src/basic_edo_pub/build/basic_edo_pub
[1.419s] [ 50%] [32mBuilding CXX object CMakeFiles/talker.dir/src/publisher_member_function.cpp.o[0m
[1.479s] [01m[K/home/maclo4/edo_manual_ws/src/basic_edo_pub/src/publisher_member_function.cpp:20:10:[m[K [01;31m[Kfatal error: [m[Krclcpp/rclcpp.hpp: No such file or directory
[1.479s]  #include [01;31m[K"rclcpp/rclcpp.hpp"[m[K
[1.480s]           [01;31m[K^~~~~~~~~~~~~~~~~~~[m[K
[1.480s] compilation terminated.
[1.481s] CMakeFiles/talker.dir/build.make:62: recipe for target 'CMakeFiles/talker.dir/src/publisher_member_function.cpp.o' failed
[1.482s] make[2]: *** [CMakeFiles/talker.dir/src/publisher_member_function.cpp.o] Error 1
[1.482s] CMakeFiles/Makefile2:131: recipe for target 'CMakeFiles/talker.dir/all' failed
[1.482s] make[1]: *** [CMakeFiles/talker.dir/all] Error 2
[1.482s] make: *** [all] Error 2
[1.482s] Makefile:140: recipe for target 'all' failed
[1.485s] Invoked command in '/home/maclo4/edo_manual_ws/src/basic_edo_pub/build/basic_edo_pub' returned '2': CMAKE_PREFIX_PATH=/opt/ros/eloquent /usr/bin/cmake --build /home/maclo4/edo_manual_ws/src/basic_edo_pub/build/basic_edo_pub -- -j4 -l4
