[1.332s] DEBUG:colcon:Command line arguments: ['/usr/bin/colcon', 'build']
[1.332s] DEBUG:colcon:Parsed command line arguments: Namespace(ament_cmake_args=None, base_paths=['.'], build_base='build', catkin_cmake_args=None, catkin_skip_building_tests=False, cmake_args=None, cmake_clean_cache=False, cmake_clean_first=False, cmake_force_configure=False, cmake_target=None, cmake_target_skip_unavailable=False, continue_on_error=False, event_handlers=None, executor='parallel', ignore_user_meta=False, install_base='install', log_base=None, log_level=None, main=<bound method BuildVerb.main of <colcon_core.verb.build.BuildVerb object at 0x7f3c9fffb198>>, merge_install=False, metas=['./colcon.meta'], packages_above=None, packages_above_and_dependencies=None, packages_above_depth=None, packages_end=None, packages_ignore=None, packages_ignore_regex=None, packages_select=None, packages_select_build_failed=False, packages_select_by_dep=None, packages_select_regex=None, packages_select_test_failures=False, packages_skip=None, packages_skip_build_finished=False, packages_skip_by_dep=None, packages_skip_regex=None, packages_skip_test_passed=False, packages_skip_up_to=None, packages_start=None, packages_up_to=None, packages_up_to_regex=None, parallel_workers=4, paths=None, symlink_install=False, test_result_base=None, verb_extension=<colcon_core.verb.build.BuildVerb object at 0x7f3c9fffb198>, verb_name='build', verb_parser=<colcon_defaults.argument_parser.defaults.DefaultArgumentsDecorator object at 0x7f3c9fffb550>)
[1.481s] Level 1:colcon.colcon_core.package_discovery:discover_packages(colcon_meta) check parameters
[1.481s] Level 1:colcon.colcon_core.package_discovery:discover_packages(recursive) check parameters
[1.481s] Level 1:colcon.colcon_core.package_discovery:discover_packages(ignore) check parameters
[1.481s] Level 1:colcon.colcon_core.package_discovery:discover_packages(path) check parameters
[1.481s] Level 1:colcon.colcon_core.package_discovery:discover_packages(colcon_meta) discover
[1.482s] Level 1:colcon.colcon_core.package_discovery:discover_packages(recursive) discover
[1.482s] INFO:colcon.colcon_core.package_discovery:Crawling recursively for packages in '/home/maclo4/edo_manual_ws/src/basic_edo_pub'
[1.482s] Level 1:colcon.colcon_core.package_identification:_identify(.) by extensions ['ignore', 'ignore_ament_install']
[1.483s] Level 1:colcon.colcon_core.package_identification:_identify(.) by extension 'ignore'
[1.483s] Level 1:colcon.colcon_core.package_identification:_identify(.) by extension 'ignore_ament_install'
[1.483s] Level 1:colcon.colcon_core.package_identification:_identify(.) by extensions ['colcon_pkg']
[1.483s] Level 1:colcon.colcon_core.package_identification:_identify(.) by extension 'colcon_pkg'
[1.483s] Level 1:colcon.colcon_core.package_identification:_identify(.) by extensions ['colcon_meta']
[1.483s] Level 1:colcon.colcon_core.package_identification:_identify(.) by extension 'colcon_meta'
[1.483s] Level 1:colcon.colcon_core.package_identification:_identify(.) by extensions ['ros']
[1.483s] Level 1:colcon.colcon_core.package_identification:_identify(.) by extension 'ros'
[1.597s] DEBUG:colcon.colcon_core.package_identification:Package '.' with type 'ros.ament_cmake' and name 'basic_edo_pub'
[1.597s] Level 1:colcon.colcon_core.package_discovery:discover_packages(recursive) using defaults
[1.598s] Level 1:colcon.colcon_core.package_discovery:discover_packages(ignore) discover
[1.598s] Level 1:colcon.colcon_core.package_discovery:discover_packages(ignore) using defaults
[1.598s] Level 1:colcon.colcon_core.package_discovery:discover_packages(path) discover
[1.598s] Level 1:colcon.colcon_core.package_discovery:discover_packages(path) using defaults
[1.634s] Level 5:colcon.colcon_core.verb:set package 'basic_edo_pub' build argument 'cmake_args' from command line to 'None'
[1.634s] Level 5:colcon.colcon_core.verb:set package 'basic_edo_pub' build argument 'cmake_target' from command line to 'None'
[1.635s] Level 5:colcon.colcon_core.verb:set package 'basic_edo_pub' build argument 'cmake_target_skip_unavailable' from command line to 'False'
[1.635s] Level 5:colcon.colcon_core.verb:set package 'basic_edo_pub' build argument 'cmake_clean_cache' from command line to 'False'
[1.635s] Level 5:colcon.colcon_core.verb:set package 'basic_edo_pub' build argument 'cmake_clean_first' from command line to 'False'
[1.635s] Level 5:colcon.colcon_core.verb:set package 'basic_edo_pub' build argument 'cmake_force_configure' from command line to 'False'
[1.635s] Level 5:colcon.colcon_core.verb:set package 'basic_edo_pub' build argument 'ament_cmake_args' from command line to 'None'
[1.635s] Level 5:colcon.colcon_core.verb:set package 'basic_edo_pub' build argument 'catkin_cmake_args' from command line to 'None'
[1.635s] Level 5:colcon.colcon_core.verb:set package 'basic_edo_pub' build argument 'catkin_skip_building_tests' from command line to 'False'
[1.635s] DEBUG:colcon.colcon_core.verb:Building package 'basic_edo_pub' with the following arguments: {'ament_cmake_args': None, 'build_base': '/home/maclo4/edo_manual_ws/src/basic_edo_pub/build/basic_edo_pub', 'catkin_cmake_args': None, 'catkin_skip_building_tests': False, 'cmake_args': None, 'cmake_clean_cache': False, 'cmake_clean_first': False, 'cmake_force_configure': False, 'cmake_target': None, 'cmake_target_skip_unavailable': False, 'install_base': '/home/maclo4/edo_manual_ws/src/basic_edo_pub/install/basic_edo_pub', 'merge_install': False, 'path': '/home/maclo4/edo_manual_ws/src/basic_edo_pub', 'symlink_install': False, 'test_result_base': None}
[1.636s] INFO:colcon.colcon_core.executor:Executing jobs using 'parallel' executor
[1.653s] DEBUG:colcon.colcon_parallel_executor.executor.parallel:run_until_complete
[1.655s] INFO:colcon.colcon_ros.task.ament_cmake.build:Building ROS package in '/home/maclo4/edo_manual_ws/src/basic_edo_pub' with build type 'ament_cmake'
[1.688s] INFO:colcon.colcon_core.plugin_system:Skipping extension 'colcon_core.shell.bat': Not used on non-Windows systems
[1.689s] INFO:colcon.colcon_cmake.task.cmake.build:Building CMake package in '/home/maclo4/edo_manual_ws/src/basic_edo_pub'
[1.692s] INFO:colcon.colcon_core.shell:Skip shell extension 'powershell' for command environment: Not usable outside of PowerShell
[1.693s] DEBUG:colcon.colcon_core.shell:Skip shell extension 'dsv' for command environment
[1.726s] DEBUG:colcon.colcon_core.shell:Ignoring prefix path '/opt/ros/eloquent'
[1.810s] DEBUG:colcon.colcon_core.event_handler.log_command:Invoking command in '/home/maclo4/edo_manual_ws/src/basic_edo_pub/build/basic_edo_pub': CMAKE_PREFIX_PATH=/opt/ros/eloquent /usr/bin/cmake --build /home/maclo4/edo_manual_ws/src/basic_edo_pub/build/basic_edo_pub -- -j4 -l4
[3.823s] DEBUG:colcon.colcon_core.event_handler.log_command:Invoked command in '/home/maclo4/edo_manual_ws/src/basic_edo_pub/build/basic_edo_pub' returned '2': CMAKE_PREFIX_PATH=/opt/ros/eloquent /usr/bin/cmake --build /home/maclo4/edo_manual_ws/src/basic_edo_pub/build/basic_edo_pub -- -j4 -l4
[3.832s] DEBUG:colcon.colcon_parallel_executor.executor.parallel:closing loop
[3.832s] DEBUG:colcon.colcon_parallel_executor.executor.parallel:loop closed
[3.833s] DEBUG:colcon.colcon_parallel_executor.executor.parallel:run_until_complete finished with '2'
[3.833s] DEBUG:colcon.colcon_core.event_reactor:joining thread
[3.898s] INFO:colcon.colcon_core.plugin_system:Skipping extension 'colcon_notification.desktop_notification.notify_send': Could not find 'notify-send'
[3.899s] INFO:colcon.colcon_core.plugin_system:Skipping extension 'colcon_notification.desktop_notification.terminal_notifier': Not used on non-Darwin systems
[3.899s] INFO:colcon.colcon_core.plugin_system:Skipping extension 'colcon_notification.desktop_notification.win32': Not used on non-Windows systems
[3.899s] INFO:colcon.colcon_notification.desktop_notification:Sending desktop notification using 'notify2'
[3.973s] DEBUG:colcon.colcon_notification.desktop_notification.notify2:Failed to initialize notify2: org.freedesktop.DBus.Error.ServiceUnknown: The name org.freedesktop.Notifications was not provided by any .service files
[3.973s] DEBUG:colcon.colcon_core.event_reactor:joined thread
[3.977s] INFO:colcon.colcon_core.shell:Creating prefix script '/home/maclo4/edo_manual_ws/src/basic_edo_pub/install/local_setup.ps1'
[3.982s] INFO:colcon.colcon_core.shell:Creating prefix util module '/home/maclo4/edo_manual_ws/src/basic_edo_pub/install/_local_setup_util_ps1.py'
[3.999s] INFO:colcon.colcon_core.shell:Creating prefix chain script '/home/maclo4/edo_manual_ws/src/basic_edo_pub/install/setup.ps1'
[4.079s] INFO:colcon.colcon_core.shell:Creating prefix script '/home/maclo4/edo_manual_ws/src/basic_edo_pub/install/local_setup.sh'
[4.087s] INFO:colcon.colcon_core.shell:Creating prefix util module '/home/maclo4/edo_manual_ws/src/basic_edo_pub/install/_local_setup_util_sh.py'
[4.093s] INFO:colcon.colcon_core.shell:Creating prefix chain script '/home/maclo4/edo_manual_ws/src/basic_edo_pub/install/setup.sh'
[4.102s] INFO:colcon.colcon_core.shell:Creating prefix script '/home/maclo4/edo_manual_ws/src/basic_edo_pub/install/local_setup.bash'
[4.107s] INFO:colcon.colcon_core.shell:Creating prefix chain script '/home/maclo4/edo_manual_ws/src/basic_edo_pub/install/setup.bash'
[4.123s] INFO:colcon.colcon_core.shell:Creating prefix script '/home/maclo4/edo_manual_ws/src/basic_edo_pub/install/local_setup.zsh'
[4.127s] INFO:colcon.colcon_core.shell:Creating prefix chain script '/home/maclo4/edo_manual_ws/src/basic_edo_pub/install/setup.zsh'
